<?xml version="1.0" encoding="UTF-8"?>
<!-- Generated by org.testng.reporters.JUnitReportReporter -->
<testsuite skipped="0" hostname="DESKTOP-FK0J6EF" name="com.fb.qa.testcases.HomePageTest" tests="2" failures="0" timestamp="19 Apr 2019 05:53:52 GMT" time="70.842" errors="0">
  <testcase name="ValidateTitleHomePageTest" time="28.681" classname="com.fb.qa.testcases.HomePageTest"/>
  <testcase name="ValidateHomeTest" time="42.161" classname="com.fb.qa.testcases.HomePageTest"/>
</testsuite> <!-- com.fb.qa.testcases.HomePageTest -->
