<?xml version="1.0" encoding="UTF-8"?>
<!-- Generated by org.testng.reporters.JUnitReportReporter -->
<testsuite skipped="0" hostname="DESKTOP-FK0J6EF" name="com.fb.qa.testcases.LoginTest" tests="1" failures="0" timestamp="19 Apr 2019 03:03:38 GMT" time="12.237" errors="0">
  <testcase name="LoginTestcred" time="12.237" classname="com.fb.qa.testcases.LoginTest"/>
</testsuite> <!-- com.fb.qa.testcases.LoginTest -->
