<?xml version="1.0" encoding="UTF-8"?>
<!-- Generated by org.testng.reporters.JUnitReportReporter -->
<testsuite skipped="0" hostname="DESKTOP-FK0J6EF" name="com.fb.qa.util.ExtentReport1" tests="1" failures="0" timestamp="13 Jan 2019 12:46:09 GMT" time="0.654" errors="0">
  <testcase name="test" time="0.654" classname="com.fb.qa.util.ExtentReport1"/>
</testsuite> <!-- com.fb.qa.util.ExtentReport1 -->
